<?xml version="1.0" encoding="UTF-8"?>
<testng-results ignored="0" total="1" passed="1" failed="0" skipped="0">
  <reporter-output>
  </reporter-output>
  <suite started-at="2019-08-10T21:27:05Z" name="Default suite" finished-at="2019-08-10T21:27:05Z" duration-ms="85">
    <groups>
    </groups>
    <test started-at="2019-08-10T21:27:05Z" name="Default test" finished-at="2019-08-10T21:27:05Z" duration-ms="85">
      <class name="TestNGHolaMundo.TestNGHolaMundo.TestHelloWorld">
        <test-method signature="testEmailGenerator()[pri:0, instance:TestNGHolaMundo.TestNGHolaMundo.TestHelloWorld@5d740a0f]" started-at="2019-08-10T21:27:05Z" name="testEmailGenerator" finished-at="2019-08-10T21:27:05Z" duration-ms="22" status="PASS">
          <reporter-output>
          </reporter-output>
        </test-method> <!-- testEmailGenerator -->
      </class> <!-- TestNGHolaMundo.TestNGHolaMundo.TestHelloWorld -->
    </test> <!-- Default test -->
  </suite> <!-- Default suite -->
</testng-results>
