<?xml version="1.0" encoding="UTF-8"?><testsuite errors="0" failures="1" name="Busqueda en Linio por tablas" skipped="0" tests="2" time="66.84" timestamp="2019-08-08 07:49:08"><testcase name="Busqueda de producto en Linio"><failure message="Producto no encontrado - org.openqa.selenium.NoSuchElementException: Expected condition failed: waiting for By.cssSelector: #catalogue-product-container &gt; div:nth-child(1) &gt; a &gt; div.detail-container &gt; p &gt; span to be displayed (tried for 5 second(s) with 100 milliseconds interval)&#10;Build info: version: '3.14.0', revision: 'aacccce0', time: '2018-08-02T20:19:58.91Z'&#10;System info: host: 'SBMEDLAPSEM05', ip: '192.168.1.59', os.name: 'Windows 10', os.arch: 'amd64', os.version: '10.0', java.version: '12.0.2'&#10;Driver info: driver.version: unknown" type="java.lang.AssertionError">Producto no encontrado - org.openqa.selenium.NoSuchElementException: Expected condition failed: waiting for By.cssSelector: #catalogue-product-container &gt; div:nth-child(1) &gt; a &gt; div.detail-container &gt; p &gt; span to be displayed (tried for 5 second(s) with 100 milliseconds interval)
Build info: version: '3.14.0', revision: 'aacccce0', time: '2018-08-02T20:19:58.91Z'
System info: host: 'SBMEDLAPSEM05', ip: '192.168.1.59', os.name: 'Windows 10', os.arch: 'amd64', os.version: '10.0', java.version: '12.0.2'
Driver info: driver.version: unknown</failure><system-err>Producto no encontrado - org.openqa.selenium.NoSuchElementException: Expected condition failed: waiting for By.cssSelector: #catalogue-product-container &gt; div:nth-child(1) &gt; a &gt; div.detail-container &gt; p &gt; span to be displayed (tried for 5 second(s) with 100 milliseconds interval)
Build info: version: '3.14.0', revision: 'aacccce0', time: '2018-08-02T20:19:58.91Z'
System info: host: 'SBMEDLAPSEM05', ip: '192.168.1.59', os.name: 'Windows 10', os.arch: 'amd64', os.version: '10.0', java.version: '12.0.2'
Driver info: driver.version: unknown&#13;
mx.com.linio.testing.stepdefinitions.BuscarEnLinioConDataTableStepdefinitions.elVerificaElResultadoEsperado(BuscarEnLinioConDataTableStepdefinitions.java:63)&#13;
✽.El verifica el resultado esperado(src/test/java/mx/com/linio/testing/feature/BuscarEnLinioConDataTable.feature:13)&#13;
</system-err></testcase></testsuite>